This is XeTeX, Version 3.14159265-2.6-0.99998 (TeX Live 2017/W32TeX) (preloaded format=xelatex 2018.3.24)  27 APR 2018 01:03
entering extended mode
 restricted \write18 enabled.
 %&-line parsing enabled.
**./cover.tex
(./cover.tex
LaTeX2e <2017-04-15>
Babel <3.18> and hyphenation patterns for 84 language(s) loaded.

! LaTeX Error: Environment titlepage undefined.

See the LaTeX manual or LaTeX Companion for explanation.
Type  H <return>  for immediate help.
 ...                                              
                                                  
l.1 \begin{titlepage}
                     
Your command was ignored.
Type  I <command> <return>  to replace it with another command,
or  <return>  to continue without it.

! Undefined control sequence.
l.3     \includegraphics
                        [width=1\textwidth]{imgs/SYSULogo.png}\par\vspace{1cm}
The control sequence at the end of the top line
of your error message was never \def'ed. If you have
misspelled it (e.g., `\hobx'), type `I' and the correct
spelling (e.g., `I\hbox'). Otherwise just continue,
and I'll forget about whatever was undefined.


! LaTeX Error: Missing \begin{document}.

See the LaTeX manual or LaTeX Companion for explanation.
Type  H <return>  for immediate help.
 ...                                              
                                                  
l.3     \includegraphics[
                         width=1\textwidth]{imgs/SYSULogo.png}\par\vspace{1cm}
You're in trouble here.  Try typing  <return>  to proceed.
If that doesn't work, type  X <return>  to quit.

Missing character: There is no [ in font nullfont!
Missing character: There is no w in font nullfont!
Missing character: There is no i in font nullfont!
Missing character: There is no d in font nullfont!
Missing character: There is no t in font nullfont!
Missing character: There is no h in font nullfont!
Missing character: There is no = in font nullfont!
Missing character: There is no 1 in font nullfont!
! Missing number, treated as zero.
<to be read again> 
                   ]
l.3     \includegraphics[width=1\textwidth]
                                           {imgs/SYSULogo.png}\par\vspace{1cm}
A number should have been here; I inserted `0'.
(If you can't figure out why I needed to see a number,
look up `weird error' in the index to The TeXbook.)

! Illegal unit of measure (pt inserted).
<to be read again> 
                   ]
l.3     \includegraphics[width=1\textwidth]
                                           {imgs/SYSULogo.png}\par\vspace{1cm}
Dimensions can be in units of em, ex, in, pt, pc,
cm, mm, dd, cc, bp, or sp; but yours is a new one!
I'll assume that you meant to say pt, for printer's points.
To recover gracefully from this error, it's best to
delete the erroneous units; e.g., type `2' to delete
two letters. (See Chapter 27 of The TeXbook.)

Missing character: There is no ] in font nullfont!
Missing character: There is no i in font nullfont!
Missing character: There is no m in font nullfont!
Missing character: There is no g in font nullfont!
Missing character: There is no s in font nullfont!
Missing character: There is no / in font nullfont!
Missing character: There is no S in font nullfont!
Missing character: There is no Y in font nullfont!
Missing character: There is no S in font nullfont!
Missing character: There is no U in font nullfont!
Missing character: There is no L in font nullfont!
Missing character: There is no o in font nullfont!
Missing character: There is no g in font nullfont!
Missing character: There is no o in font nullfont!
Missing character: There is no . in font nullfont!
Missing character: There is no p in font nullfont!
Missing character: There is no n in font nullfont!
Missing character: There is no g in font nullfont!
! Undefined control sequence.
l.5     {\scshape\huge
                       应用层通信 \\ 项目报告 \\ \centering \scshap...
The control sequence at the end of the top line
of your error message was never \def'ed. If you have
misspelled it (e.g., `\hobx'), type `I' and the correct
spelling (e.g., `I\hbox'). Otherwise just continue,
and I'll forget about whatever was undefined.


! LaTeX Error: Missing \begin{document}.

See the LaTeX manual or LaTeX Companion for explanation.
Type  H <return>  for immediate help.
 ...                                              
                                                  
l.5     {\scshape\huge 应
                          用层通信 \\ 项目报告 \\ \centering \scshap...

You're in trouble here.  Try typing  <return>  to proceed.
If that doesn't work, type  X <return>  to quit.

Missing character: There is no 应 in font [lmromancaps10-regular]:mapping=tex-te
xt;!
Missing character: There is no 用 in font [lmromancaps10-regular]:mapping=tex-te
xt;!
Missing character: There is no 层 in font [lmromancaps10-regular]:mapping=tex-te
xt;!
Missing character: There is no 通 in font [lmromancaps10-regular]:mapping=tex-te
xt;!
Missing character: There is no 信 in font [lmromancaps10-regular]:mapping=tex-te
xt;!

Overfull \hbox (14.0pt too wide) in paragraph at lines 5--5
 []\TU/lmr/m/sc/10 应用层通信 
 []


! LaTeX Error: Missing \begin{document}.

See the LaTeX manual or LaTeX Companion for explanation.
Type  H <return>  for immediate help.
 ...                                              
                                                  
l.5     {\scshape\huge 应用层通信 \\ 项
                                             目报告 \\ \centering \scshap...

You're in trouble here.  Try typing  <return>  to proceed.
If that doesn't work, type  X <return>  to quit.

Missing character: There is no 项 in font [lmromancaps10-regular]:mapping=tex-te
xt;!
Missing character: There is no 目 in font [lmromancaps10-regular]:mapping=tex-te
xt;!
Missing character: There is no 报 in font [lmromancaps10-regular]:mapping=tex-te
xt;!
Missing character: There is no 告 in font [lmromancaps10-regular]:mapping=tex-te
xt;!

Overfull \hbox (11.2pt too wide) in paragraph at lines 5--5
 []\TU/lmr/m/sc/10 项目报告 
 []

! Undefined control sequence.
l.5 ...\ 项目报告 \\ \centering \scshape \Huge
                                                   C/S与P2P通信 \par}
The control sequence at the end of the top line
of your error message was never \def'ed. If you have
misspelled it (e.g., `\hobx'), type `I' and the correct
spelling (e.g., `I\hbox'). Otherwise just continue,
and I'll forget about whatever was undefined.


! LaTeX Error: Missing \begin{document}.

See the LaTeX manual or LaTeX Companion for explanation.
Type  H <return>  for immediate help.
 ...                                              
                                                  
l.5 ...项目报告 \\ \centering \scshape \Huge C
                                                  /S与P2P通信 \par}
You're in trouble here.  Try typing  <return>  to proceed.
If that doesn't work, type  X <return>  to quit.

Missing character: There is no 与 in font [lmromancaps10-regular]:mapping=tex-te
xt;!
Missing character: There is no 通 in font [lmromancaps10-regular]:mapping=tex-te
xt;!
Missing character: There is no 信 in font [lmromancaps10-regular]:mapping=tex-te
xt;!

Overfull \hbox (48.27pt too wide) in paragraph at lines 5--5
 []\TU/lmr/m/sc/10 C/S与P2P通信 
 []

! Undefined control sequence.
l.7     {\Large
               \bfseries \flushleft 学院：数据科学与计算机学院 ...
The control sequence at the end of the top line
of your error message was never \def'ed. If you have
misspelled it (e.g., `\hobx'), type `I' and the correct
spelling (e.g., `I\hbox'). Otherwise just continue,
and I'll forget about whatever was undefined.


! LaTeX Error: Missing \begin{document}.

See the LaTeX manual or LaTeX Companion for explanation.
Type  H <return>  for immediate help.
 ...                                              
                                                  
l.7     {\Large\bfseries \flushleft
                                    学院：数据科学与计算机学院 ...

You're in trouble here.  Try typing  <return>  to proceed.
If that doesn't work, type  X <return>  to quit.

Missing character: There is no 学 in font [lmroman10-bold]:mapping=tex-text;!
Missing character: There is no 院 in font [lmroman10-bold]:mapping=tex-text;!
Missing character: There is no ： in font [lmroman10-bold]:mapping=tex-text;!
Missing character: There is no 数 in font [lmroman10-bold]:mapping=tex-text;!
Missing character: There is no 据 in font [lmroman10-bold]:mapping=tex-text;!
Missing character: There is no 科 in font [lmroman10-bold]:mapping=tex-text;!
Missing character: There is no 学 in font [lmroman10-bold]:mapping=tex-text;!
Missing character: There is no 与 in font [lmroman10-bold]:mapping=tex-text;!
Missing character: There is no 计 in font [lmroman10-bold]:mapping=tex-text;!
Missing character: There is no 算 in font [lmroman10-bold]:mapping=tex-text;!
Missing character: There is no 机 in font [lmroman10-bold]:mapping=tex-text;!
Missing character: There is no 学 in font [lmroman10-bold]:mapping=tex-text;!
Missing character: There is no 院 in font [lmroman10-bold]:mapping=tex-text;!

Overfull \hbox (36.40001pt too wide) in paragraph at lines 7--7
\TU/lmr/bx/n/10 学院：数据科学与计算机学院  
 []

Missing character: There is no 专 in font [lmroman10-bold]:mapping=tex-text;!
Missing character: There is no 业 in font [lmroman10-bold]:mapping=tex-text;!
Missing character: There is no ： in font [lmroman10-bold]:mapping=tex-text;!
Missing character: There is no 计 in font [lmroman10-bold]:mapping=tex-text;!
Missing character: There is no 算 in font [lmroman10-bold]:mapping=tex-text;!
Missing character: There is no 机 in font [lmroman10-bold]:mapping=tex-text;!
Missing character: There is no 科 in font [lmroman10-bold]:mapping=tex-text;!
Missing character: There is no 学 in font [lmroman10-bold]:mapping=tex-text;!
Missing character: There is no 与 in font [lmroman10-bold]:mapping=tex-text;!
Missing character: There is no 技 in font [lmroman10-bold]:mapping=tex-text;!
Missing character: There is no 术 in font [lmroman10-bold]:mapping=tex-text;!

Overfull \hbox (30.8pt too wide) in paragraph at lines 7--7
[]\TU/lmr/bx/n/10 专业：计算机科学与技术  
 []

Missing character: There is no 年 in font [lmroman10-bold]:mapping=tex-text;!
Missing character: There is no 级 in font [lmroman10-bold]:mapping=tex-text;!
Missing character: There is no ： in font [lmroman10-bold]:mapping=tex-text;!
Missing character: There is no 级 in font [lmroman10-bold]:mapping=tex-text;!

Overfull \hbox (34.2pt too wide) in paragraph at lines 7--7
[]\TU/lmr/bx/n/10 年级：2016级  
 []

Missing character: There is no 组 in font [lmroman10-bold]:mapping=tex-text;!
Missing character: There is no 长 in font [lmroman10-bold]:mapping=tex-text;!
Missing character: There is no （ in font [lmroman10-bold]:mapping=tex-text;!
Missing character: There is no 学 in font [lmroman10-bold]:mapping=tex-text;!
Missing character: There is no 号 in font [lmroman10-bold]:mapping=tex-text;!
Missing character: There is no ） in font [lmroman10-bold]:mapping=tex-text;!
Missing character: There is no ： in font [lmroman10-bold]:mapping=tex-text;!
Missing character: There is no 王 in font [lmroman10-bold]:mapping=tex-text;!
Missing character: There is no 锡 in font [lmroman10-bold]:mapping=tex-text;!
Missing character: There is no 淮 in font [lmroman10-bold]:mapping=tex-text;!
Missing character: There is no （ in font [lmroman10-bold]:mapping=tex-text;!
Missing character: There is no ） in font [lmroman10-bold]:mapping=tex-text;!

Overfull \hbox (79.6pt too wide) in paragraph at lines 7--7
[]\TU/lmr/bx/n/10 组长（学号）：王锡淮（16337236）  
 []

Missing character: There is no 组 in font [lmroman10-bold]:mapping=tex-text;!
Missing character: There is no 员 in font [lmroman10-bold]:mapping=tex-text;!
Missing character: There is no （ in font [lmroman10-bold]:mapping=tex-text;!
Missing character: There is no 学 in font [lmroman10-bold]:mapping=tex-text;!
Missing character: There is no 号 in font [lmroman10-bold]:mapping=tex-text;!
Missing character: There is no ） in font [lmroman10-bold]:mapping=tex-text;!
Missing character: There is no ： in font [lmroman10-bold]:mapping=tex-text;!
Missing character: There is no 肖 in font [lmroman10-bold]:mapping=tex-text;!
Missing character: There is no 遥 in font [lmroman10-bold]:mapping=tex-text;!
Missing character: There is no （ in font [lmroman10-bold]:mapping=tex-text;!
Missing character: There is no ） in font [lmroman10-bold]:mapping=tex-text;!

Overfull \hbox (76.8pt too wide) in paragraph at lines 7--7
[]\TU/lmr/bx/n/10 组员（学号）：肖遥（16337258）  
 []

Missing character: There is no 杨 in font [lmroman10-bold]:mapping=tex-text;!
Missing character: There is no 陈 in font [lmroman10-bold]:mapping=tex-text;!
Missing character: There is no 泽 in font [lmroman10-bold]:mapping=tex-text;!
Missing character: There is no （ in font [lmroman10-bold]:mapping=tex-text;!
Missing character: There is no ） in font [lmroman10-bold]:mapping=tex-text;!

Overfull \hbox (60.0pt too wide) in paragraph at lines 7--7
\TU/lmr/bx/n/10 杨陈泽（16337271）  
 []


! LaTeX Error: \begin{document} ended by \end{titlepage}.

See the LaTeX manual or LaTeX Companion for explanation.
Type  H <return>  for immediate help.
 ...                                              
                                                  
l.12 \end{titlepage}
                    
Your command was ignored.
Type  I <command> <return>  to replace it with another command,
or  <return>  to continue without it.

)
! Emergency stop.
<*> ./cover.tex
               
*** (job aborted, no legal \end found)

 
Here is how much of TeX's memory you used:
 13 strings out of 493007
 239 string characters out of 6137965
 62811 words of memory out of 5000000
 4080 multiletter control sequences out of 15000+600000
 3656 words of font info for 16 fonts, out of 8000000 for 9000
 1348 hyphenation exceptions out of 8191
 12i,1n,7p,187b,113s stack positions out of 5000i,500n,10000p,200000b,80000s
No pages of output.
