\BOOKMARK [1][-]{section.1}{\376\377\230\171\166\356\116\313\176\315}{}% 1
\BOOKMARK [2][-]{subsection.1.1}{\376\377\213\276\213\241\136\224\165\050\134\102\123\117\213\256\166\204\123\237\122\031}{section.1}% 2
\BOOKMARK [1][-]{section.2}{\376\377\000C\000/\000S\220\032\117\341}{}% 3
\BOOKMARK [2][-]{subsection.2.1}{\376\377\123\117\213\256\213\276\213\241}{section.2}% 4
\BOOKMARK [2][-]{subsection.2.2}{\376\377\162\171\160\271}{section.2}% 5
\BOOKMARK [1][-]{section.3}{\376\377\000P\0002\000P\220\032\117\341}{}% 6
\BOOKMARK [2][-]{subsection.3.1}{\376\377\000T\000w\000i\000s\000t\000e\000d\124\214\137\002\153\145\177\026\172\013}{section.3}% 7
\BOOKMARK [3][-]{subsubsection.3.1.1}{\376\377\000T\000w\000i\000s\000t\000e\000d\173\200\116\313}{subsection.3.1}% 8
\BOOKMARK [3][-]{subsubsection.3.1.2}{\376\377\137\002\153\145\177\026\172\013\116\016\116\213\116\366\232\161\122\250}{subsection.3.1}% 9
\BOOKMARK [2][-]{subsection.3.2}{\376\377\000T\000r\000a\000c\000k\000e\000r\124\214\000C\000l\000i\000e\000n\000t\166\204\220\032\117\341\123\117\213\256\377\010\000U\000D\000P\000\040\000T\000r\000a\000c\000k\000e\000r\000\040\000P\000r\000o\000t\000o\000c\000o\000l\377\011}{section.3}% 10
\BOOKMARK [3][-]{subsubsection.3.2.1}{\376\377\123\117\213\256\213\276\213\241}{subsection.3.2}% 11
\BOOKMARK [3][-]{subsubsection.3.2.2}{\376\377\123\117\213\256\162\171\160\271}{subsection.3.2}% 12
\BOOKMARK [2][-]{subsection.3.3}{\376\377\000P\000e\000e\000r\123\117\213\256\377\010\000P\000e\000e\000r\000\040\000P\000r\000o\000t\000o\000c\000o\000l\377\011}{section.3}% 13
\BOOKMARK [3][-]{subsubsection.3.3.1}{\376\377\123\117\213\256\213\276\213\241}{subsection.3.3}% 14
\BOOKMARK [3][-]{subsubsection.3.3.2}{\376\377\123\117\213\256\162\171\160\271}{subsection.3.3}% 15
\BOOKMARK [1][-]{section.4}{\376\377\133\211\210\305\124\214\220\350\177\162}{}% 16
\BOOKMARK [1][-]{section.5}{\376\377\176\323\147\234}{}% 17
\BOOKMARK [2][-]{subsection.5.1}{\376\377\176\323\147\234\134\125\171\072}{section.5}% 18
\BOOKMARK [2][-]{subsection.5.2}{\376\377\133\371\153\324}{section.5}% 19
\BOOKMARK [1][-]{section.6}{\376\377\140\073\176\323}{}% 20
\BOOKMARK [1][-]{section.7}{\376\377\230\171\166\356\173\241\164\006\213\260\137\125}{}% 21
\BOOKMARK [1][-]{附录.a.A}{\376\377\123\302\200\003\145\207\163\056}{}% 22
